C:\USERS\MIYAKO\DESKTOP\VC-LIBZBAR-0.10\RELEASE\BCH15_5.OBJ
C:\USERS\MIYAKO\DESKTOP\VC-LIBZBAR-0.10\RELEASE\BINARIZE.OBJ
C:\Users\miyako\Desktop\VC-libzbar-0.10\Release\cl.command.1.tlog
C:\Users\miyako\Desktop\VC-libzbar-0.10\Release\CL.read.1.tlog
C:\Users\miyako\Desktop\VC-libzbar-0.10\Release\CL.write.1.tlog
C:\USERS\MIYAKO\DESKTOP\VC-LIBZBAR-0.10\RELEASE\CODABAR.OBJ
C:\USERS\MIYAKO\DESKTOP\VC-LIBZBAR-0.10\RELEASE\CODE128.OBJ
C:\USERS\MIYAKO\DESKTOP\VC-LIBZBAR-0.10\RELEASE\CODE39.OBJ
C:\USERS\MIYAKO\DESKTOP\VC-LIBZBAR-0.10\RELEASE\CODE93.OBJ
C:\USERS\MIYAKO\DESKTOP\VC-LIBZBAR-0.10\RELEASE\CONFIG.OBJ
C:\USERS\MIYAKO\DESKTOP\VC-LIBZBAR-0.10\RELEASE\DATABAR.OBJ
C:\USERS\MIYAKO\DESKTOP\VC-LIBZBAR-0.10\RELEASE\DECODER.OBJ
C:\USERS\MIYAKO\DESKTOP\VC-LIBZBAR-0.10\RELEASE\EAN.OBJ
C:\USERS\MIYAKO\DESKTOP\VC-LIBZBAR-0.10\RELEASE\ERROR.OBJ
C:\USERS\MIYAKO\DESKTOP\VC-LIBZBAR-0.10\RELEASE\I25.OBJ
C:\USERS\MIYAKO\DESKTOP\VC-LIBZBAR-0.10\RELEASE\ICONV.OBJ
C:\USERS\MIYAKO\DESKTOP\VC-LIBZBAR-0.10\RELEASE\IMAGE.OBJ
C:\USERS\MIYAKO\DESKTOP\VC-LIBZBAR-0.10\RELEASE\IMG_SCANNER.OBJ
C:\USERS\MIYAKO\DESKTOP\VC-LIBZBAR-0.10\RELEASE\ISAAC.OBJ
C:\USERS\MIYAKO\DESKTOP\VC-LIBZBAR-0.10\RELEASE\LIBZBAR.0.10.DLL.INTERMEDIATE.MANIFEST
C:\Users\miyako\Desktop\VC-libzbar-0.10\Release\libzbar.write.1.tlog
C:\Users\miyako\Desktop\VC-libzbar-0.10\Release\link.command.1.tlog
C:\Users\miyako\Desktop\VC-libzbar-0.10\Release\link.read.1.tlog
C:\Users\miyako\Desktop\VC-libzbar-0.10\Release\link.write.1.tlog
C:\Users\miyako\Desktop\VC-libzbar-0.10\Release\mt.command.1.tlog
C:\Users\miyako\Desktop\VC-libzbar-0.10\Release\mt.read.1.tlog
C:\Users\miyako\Desktop\VC-libzbar-0.10\Release\mt.write.1.tlog
C:\USERS\MIYAKO\DESKTOP\VC-LIBZBAR-0.10\RELEASE\PDF417.OBJ
C:\USERS\MIYAKO\DESKTOP\VC-LIBZBAR-0.10\RELEASE\QR_FINDER.OBJ
C:\USERS\MIYAKO\DESKTOP\VC-LIBZBAR-0.10\RELEASE\QRDEC.OBJ
C:\USERS\MIYAKO\DESKTOP\VC-LIBZBAR-0.10\RELEASE\QRDECTXT.OBJ
C:\USERS\MIYAKO\DESKTOP\VC-LIBZBAR-0.10\RELEASE\REFCNT.OBJ
C:\USERS\MIYAKO\DESKTOP\VC-LIBZBAR-0.10\RELEASE\RS.OBJ
C:\USERS\MIYAKO\DESKTOP\VC-LIBZBAR-0.10\RELEASE\SCANNER.OBJ
C:\USERS\MIYAKO\DESKTOP\VC-LIBZBAR-0.10\RELEASE\SYMBOL.OBJ
C:\USERS\MIYAKO\DESKTOP\VC-LIBZBAR-0.10\RELEASE\UTIL.OBJ
C:\USERS\MIYAKO\DESKTOP\VC-LIBZBAR-0.10\WINDOWS\LIBZBAR.0.10.DLL
C:\Users\miyako\Desktop\VC-libzbar-0.10\Windows\libzbar.0.10.exp
C:\Users\miyako\Desktop\VC-libzbar-0.10\Windows\libzbar.0.10.lib
